nohup: mvn: No such file or directory
[INFO] Scanning for projects...
[WARNING] 
[WARNING] Some problems were encountered while building the effective model for org.djvmil.em:backend:war:0.0.1-SNAPSHOT
[WARNING] The expression ${artifactId} is deprecated. Please use ${project.artifactId} instead.
[WARNING] 
[WARNING] It is highly recommended to fix these problems because they threaten the stability of your build.
[WARNING] 
[WARNING] For this reason, future Maven versions might no longer support building such malformed projects.
[WARNING] 
[INFO] 
[INFO] -----------------------< org.djvmil.em:backend >------------------------
[INFO] Building backend 0.0.1-SNAPSHOT
[INFO]   from pom.xml
[INFO] --------------------------------[ war ]---------------------------------
[INFO] 
[INFO] >>> spring-boot:3.2.3:run (default-cli) > test-compile @ backend >>>
[INFO] 
[INFO] --- resources:3.3.1:resources (default-resources) @ backend ---
[INFO] Copying 11 resources from src/main/resources to target/classes
[INFO] 
[INFO] --- compiler:3.11.0:compile (default-compile) @ backend ---
[INFO] Changes detected - recompiling the module! :source
[INFO] Compiling 92 source files with javac [debug release 17] to target/classes
[INFO] /Users/moustaphas.dieme/Desktop/EntretienMentor/EntretienMentorBackend/src/main/java/org/djvmil/em/backend/core/repository/file/AuthFileRepository.java: /Users/moustaphas.dieme/Desktop/EntretienMentor/EntretienMentorBackend/src/main/java/org/djvmil/em/backend/core/repository/file/AuthFileRepository.java uses or overrides a deprecated API.
[INFO] /Users/moustaphas.dieme/Desktop/EntretienMentor/EntretienMentorBackend/src/main/java/org/djvmil/em/backend/core/repository/file/AuthFileRepository.java: Recompile with -Xlint:deprecation for details.
[INFO] 
[INFO] --- resources:3.3.1:testResources (default-testResources) @ backend ---
[INFO] skip non existing resourceDirectory /Users/moustaphas.dieme/Desktop/EntretienMentor/EntretienMentorBackend/src/test/resources
[INFO] 
[INFO] --- compiler:3.11.0:testCompile (default-testCompile) @ backend ---
[INFO] Changes detected - recompiling the module! :dependency
[INFO] Compiling 5 source files with javac [debug release 17] to target/test-classes
[INFO] 
[INFO] <<< spring-boot:3.2.3:run (default-cli) < test-compile @ backend <<<
[INFO] 
[INFO] 
[INFO] --- spring-boot:3.2.3:run (default-cli) @ backend ---
[INFO] Attaching agents: []

  .   ____          _            __ _ _
 /\\ / ___'_ __ _ _(_)_ __  __ _ \ \ \ \
( ( )\___ | '_ | '_| | '_ \/ _` | \ \ \ \
 \\/  ___)| |_)| | | | | || (_| |  ) ) ) )
  '  |____| .__|_| |_|_| |_\__, | / / / /
 =========|_|==============|___/=/_/_/_/
 :: Spring Boot ::                (v3.2.3)

2024-04-16T10:31:11.866+02:00  INFO 46758 --- [backend] [  restartedMain] o.djvmil.em.backend.BackendApplication   : Starting BackendApplication using Java 17 with PID 46758 (/Users/moustaphas.dieme/Desktop/EntretienMentor/EntretienMentorBackend/target/classes started by moustaphas.dieme in /Users/moustaphas.dieme/Desktop/EntretienMentor/EntretienMentorBackend)
2024-04-16T10:31:11.869+02:00  INFO 46758 --- [backend] [  restartedMain] o.djvmil.em.backend.BackendApplication   : No active profile set, falling back to 1 default profile: "default"
2024-04-16T10:31:13.378+02:00  INFO 46758 --- [backend] [  restartedMain] .s.d.r.c.RepositoryConfigurationDelegate : Bootstrapping Spring Data JPA repositories in DEFAULT mode.
2024-04-16T10:31:13.468+02:00  INFO 46758 --- [backend] [  restartedMain] .s.d.r.c.RepositoryConfigurationDelegate : Finished Spring Data repository scanning in 79 ms. Found 14 JPA repository interfaces.
2024-04-16T10:31:14.357+02:00  INFO 46758 --- [backend] [  restartedMain] o.s.b.w.embedded.tomcat.TomcatWebServer  : Tomcat initialized with port 8989 (http)
2024-04-16T10:31:14.375+02:00  INFO 46758 --- [backend] [  restartedMain] o.apache.catalina.core.StandardService   : Starting service [Tomcat]
2024-04-16T10:31:14.375+02:00  INFO 46758 --- [backend] [  restartedMain] o.apache.catalina.core.StandardEngine    : Starting Servlet engine: [Apache Tomcat/10.1.19]
2024-04-16T10:31:14.436+02:00  INFO 46758 --- [backend] [  restartedMain] o.a.c.c.C.[Tomcat].[localhost].[/em]     : Initializing Spring embedded WebApplicationContext
2024-04-16T10:31:14.437+02:00  INFO 46758 --- [backend] [  restartedMain] w.s.c.ServletWebServerApplicationContext : Root WebApplicationContext: initialization completed in 2496 ms
2024-04-16T10:31:14.620+02:00  INFO 46758 --- [backend] [  restartedMain] o.hibernate.jpa.internal.util.LogHelper  : HHH000204: Processing PersistenceUnitInfo [name: default]
2024-04-16T10:31:14.707+02:00  INFO 46758 --- [backend] [  restartedMain] org.hibernate.Version                    : HHH000412: Hibernate ORM core version 6.4.4.Final
2024-04-16T10:31:14.753+02:00  INFO 46758 --- [backend] [  restartedMain] o.h.c.internal.RegionFactoryInitiator    : HHH000026: Second-level cache disabled
2024-04-16T10:31:15.169+02:00  INFO 46758 --- [backend] [  restartedMain] o.s.o.j.p.SpringPersistenceUnitInfo      : No LoadTimeWeaver setup: ignoring JPA class transformer
2024-04-16T10:31:15.206+02:00  INFO 46758 --- [backend] [  restartedMain] com.zaxxer.hikari.HikariDataSource       : HikariPool-1 - Starting...
2024-04-16T10:31:15.399+02:00  INFO 46758 --- [backend] [  restartedMain] com.zaxxer.hikari.pool.HikariPool        : HikariPool-1 - Added connection org.postgresql.jdbc.PgConnection@1292b996
2024-04-16T10:31:15.401+02:00  INFO 46758 --- [backend] [  restartedMain] com.zaxxer.hikari.HikariDataSource       : HikariPool-1 - Start completed.
2024-04-16T10:31:16.950+02:00  INFO 46758 --- [backend] [  restartedMain] o.h.e.t.j.p.i.JtaPlatformInitiator       : HHH000489: No JTA platform available (set 'hibernate.transaction.jta.platform' to enable JTA platform integration)
2024-04-16T10:31:17.257+02:00  INFO 46758 --- [backend] [  restartedMain] j.LocalContainerEntityManagerFactoryBean : Initialized JPA EntityManagerFactory for persistence unit 'default'
2024-04-16T10:31:20.821+02:00 DEBUG 46758 --- [backend] [  restartedMain] o.s.b.w.s.ServletContextInitializerBeans : Mapping filters: springSecurityFilterChain urls=[/*] order=-100, characterEncodingFilter urls=[/*] order=-2147483648, formContentFilter urls=[/*] order=-9900, requestContextFilter urls=[/*] order=-105, JWTFilter urls=[/*] order=2147483647
2024-04-16T10:31:20.823+02:00 DEBUG 46758 --- [backend] [  restartedMain] o.s.b.w.s.ServletContextInitializerBeans : Mapping servlets: dispatcherServlet urls=[/]
2024-04-16T10:31:22.885+02:00 DEBUG 46758 --- [backend] [  restartedMain] s.w.s.m.m.a.RequestMappingHandlerMapping : 35 mappings in 'requestMappingHandlerMapping'
2024-04-16T10:31:23.197+02:00 DEBUG 46758 --- [backend] [  restartedMain] o.s.w.s.handler.SimpleUrlHandlerMapping  : Patterns [/webjars/**, /**, /swagger-ui*/*swagger-initializer.js, /swagger-ui*/**] in 'resourceHandlerMapping'
2024-04-16T10:31:23.395+02:00  INFO 46758 --- [backend] [  restartedMain] o.s.s.web.DefaultSecurityFilterChain     : Will secure any request with [org.springframework.security.web.session.DisableEncodeUrlFilter@65d3bc6c, org.springframework.security.web.context.request.async.WebAsyncManagerIntegrationFilter@1660db63, org.springframework.security.web.context.SecurityContextHolderFilter@115c074d, org.springframework.security.web.header.HeaderWriterFilter@382605a4, org.springframework.web.filter.CorsFilter@3252eeb8, org.springframework.security.web.authentication.logout.LogoutFilter@4f26c1eb, org.djvmil.em.backend.security.JWTFilter@446e9ebb, org.springframework.security.web.savedrequest.RequestCacheAwareFilter@34402eab, org.springframework.security.web.servletapi.SecurityContextHolderAwareRequestFilter@3c2d5736, org.springframework.security.web.authentication.AnonymousAuthenticationFilter@20b17ee0, org.springframework.security.web.session.SessionManagementFilter@39746d00, org.springframework.security.web.access.ExceptionTranslationFilter@ff902e, org.springframework.security.web.access.intercept.AuthorizationFilter@31185b1e]
2024-04-16T10:31:23.633+02:00 DEBUG 46758 --- [backend] [  restartedMain] s.w.s.m.m.a.RequestMappingHandlerAdapter : ControllerAdvice beans: 0 @ModelAttribute, 0 @InitBinder, 1 RequestBodyAdvice, 1 ResponseBodyAdvice
2024-04-16T10:31:23.725+02:00 DEBUG 46758 --- [backend] [  restartedMain] .m.m.a.ExceptionHandlerExceptionResolver : ControllerAdvice beans: 4 @ExceptionHandler, 1 ResponseBodyAdvice
2024-04-16T10:31:23.795+02:00 DEBUG 46758 --- [backend] [  restartedMain] .m.m.a.ExceptionHandlerExceptionResolver : ControllerAdvice beans: 4 @ExceptionHandler, 0 ResponseBodyAdvice
2024-04-16T10:31:24.579+02:00  INFO 46758 --- [backend] [  restartedMain] o.s.b.d.a.OptionalLiveReloadServer       : LiveReload server is running on port 35729
2024-04-16T10:31:24.667+02:00  INFO 46758 --- [backend] [  restartedMain] o.s.b.w.embedded.tomcat.TomcatWebServer  : Tomcat started on port 8989 (http) with context path '/em'
2024-04-16T10:31:24.712+02:00  INFO 46758 --- [backend] [  restartedMain] o.djvmil.em.backend.BackendApplication   : Started BackendApplication in 13.262 seconds (process running for 13.969)
2024-04-16T10:32:42.868+02:00  INFO 46758 --- [backend] [nio-8989-exec-1] o.a.c.c.C.[Tomcat].[localhost].[/em]     : Initializing Spring DispatcherServlet 'dispatcherServlet'
2024-04-16T10:32:42.870+02:00  INFO 46758 --- [backend] [nio-8989-exec-1] o.s.web.servlet.DispatcherServlet        : Initializing Servlet 'dispatcherServlet'
2024-04-16T10:32:42.870+02:00 DEBUG 46758 --- [backend] [nio-8989-exec-1] o.s.web.servlet.DispatcherServlet        : Detected StandardServletMultipartResolver
2024-04-16T10:32:42.871+02:00 DEBUG 46758 --- [backend] [nio-8989-exec-1] o.s.web.servlet.DispatcherServlet        : Detected FixedLocaleResolver
2024-04-16T10:32:42.871+02:00 DEBUG 46758 --- [backend] [nio-8989-exec-1] o.s.web.servlet.DispatcherServlet        : Detected FixedThemeResolver
2024-04-16T10:32:42.873+02:00 DEBUG 46758 --- [backend] [nio-8989-exec-1] o.s.web.servlet.DispatcherServlet        : Detected org.springframework.web.servlet.view.DefaultRequestToViewNameTranslator@3cb3cb11
2024-04-16T10:32:42.874+02:00 DEBUG 46758 --- [backend] [nio-8989-exec-1] o.s.web.servlet.DispatcherServlet        : Detected org.springframework.web.servlet.support.SessionFlashMapManager@fe5bd4
2024-04-16T10:32:42.874+02:00 DEBUG 46758 --- [backend] [nio-8989-exec-1] o.s.web.servlet.DispatcherServlet        : enableLoggingRequestDetails='false': request parameters and headers will be masked to prevent unsafe logging of potentially sensitive data
2024-04-16T10:32:42.874+02:00  INFO 46758 --- [backend] [nio-8989-exec-1] o.s.web.servlet.DispatcherServlet        : Completed initialization in 4 ms
2024-04-16T10:32:42.907+02:00 DEBUG 46758 --- [backend] [nio-8989-exec-1] o.s.security.web.FilterChainProxy        : Securing POST /api/login
2024-04-16T10:32:42.935+02:00 DEBUG 46758 --- [backend] [nio-8989-exec-1] o.s.s.w.a.AnonymousAuthenticationFilter  : Set SecurityContextHolder to anonymous SecurityContext
2024-04-16T10:32:42.936+02:00 DEBUG 46758 --- [backend] [nio-8989-exec-1] o.s.security.web.FilterChainProxy        : Secured POST /api/login
2024-04-16T10:32:42.939+02:00 DEBUG 46758 --- [backend] [nio-8989-exec-1] o.s.web.servlet.DispatcherServlet        : POST "/em/api/login", parameters={}
2024-04-16T10:32:42.941+02:00 DEBUG 46758 --- [backend] [nio-8989-exec-1] s.w.s.m.m.a.RequestMappingHandlerMapping : Mapped to org.djvmil.em.backend.api.AuthRessource#loginHandler(AuthRequest)
2024-04-16T10:32:43.053+02:00 DEBUG 46758 --- [backend] [nio-8989-exec-1] m.m.a.RequestResponseBodyMethodProcessor : Read "application/json;charset=UTF-8" to [AuthRequest(firstname=null, lastname=null, roles=null, genre=null, country=null, phoneNumber=null, e (truncated)...]
Hibernate: 
    select
        u1_0.userid,
        u1_0.birthdate,
        u1_0.country,
        u1_0.date_created,
        u1_0.date_updated,
        u1_0.email,
        u1_0.enabled,
        u1_0.firstname,
        u1_0.genre,
        u1_0.is_email_verified,
        u1_0.is_phone_numbe_verified,
        u1_0.lastname,
        u1_0.password,
        u1_0.phone_number,
        u1_0.username 
    from
        users u1_0 
    where
        u1_0.email=?
Hibernate: 
    select
        r1_0.user_id,
        r1_1.roleid,
        r1_1.date_created,
        r1_1.date_updated,
        r1_1.role 
    from
        user_role r1_0 
    join
        roles r1_1 
            on r1_1.roleid=r1_0.role_id 
    where
        r1_0.user_id=?
2024-04-16T10:32:43.644+02:00 DEBUG 46758 --- [backend] [nio-8989-exec-1] o.s.s.a.dao.DaoAuthenticationProvider    : Authenticated user
Hibernate: 
    select
        u1_0.userid,
        u1_0.birthdate,
        u1_0.country,
        u1_0.date_created,
        u1_0.date_updated,
        u1_0.email,
        u1_0.enabled,
        u1_0.firstname,
        u1_0.genre,
        u1_0.is_email_verified,
        u1_0.is_phone_numbe_verified,
        u1_0.lastname,
        u1_0.password,
        u1_0.phone_number,
        u1_0.username 
    from
        users u1_0 
    where
        u1_0.email=?
Hibernate: 
    select
        r1_0.user_id,
        r1_1.roleid,
        r1_1.date_created,
        r1_1.date_updated,
        r1_1.role 
    from
        user_role r1_0 
    join
        roles r1_1 
            on r1_1.roleid=r1_0.role_id 
    where
        r1_0.user_id=?
2024-04-16T10:32:43.699+02:00 DEBUG 46758 --- [backend] [nio-8989-exec-1] m.m.a.RequestResponseBodyMethodProcessor : Using 'application/json', given [application/json] and supported [application/json, application/*+json]
2024-04-16T10:32:43.700+02:00 DEBUG 46758 --- [backend] [nio-8989-exec-1] m.m.a.RequestResponseBodyMethodProcessor : Writing [AuthResponse(accesToken=eyJhbGciOiJIUzI1NiIsInR5cCI6IkpXVCJ9.eyJzdWIiOiJVc2VyIERldGFpbHMiLCJlbWFpbCI (truncated)...]
2024-04-16T10:32:43.734+02:00 DEBUG 46758 --- [backend] [nio-8989-exec-1] o.s.web.servlet.DispatcherServlet        : Completed 200 OK
2024-04-16T10:38:39.424+02:00  INFO 46758 --- [backend] [   File Watcher] rtingClassPathChangeChangedEventListener : Restarting due to 103 class path changes (0 additions, 103 deletions, 0 modifications)
2024-04-16T10:38:39.501+02:00  INFO 46758 --- [backend] [       Thread-5] j.LocalContainerEntityManagerFactoryBean : Closing JPA EntityManagerFactory for persistence unit 'default'
2024-04-16T10:38:39.519+02:00  INFO 46758 --- [backend] [       Thread-5] com.zaxxer.hikari.HikariDataSource       : HikariPool-1 - Shutdown initiated...
2024-04-16T10:38:39.525+02:00  INFO 46758 --- [backend] [       Thread-5] com.zaxxer.hikari.HikariDataSource       : HikariPool-1 - Shutdown completed.

  .   ____          _            __ _ _
 /\\ / ___'_ __ _ _(_)_ __  __ _ \ \ \ \
( ( )\___ | '_ | '_| | '_ \/ _` | \ \ \ \
 \\/  ___)| |_)| | | | | || (_| |  ) ) ) )
  '  |____| .__|_| |_|_| |_\__, | / / / /
 =========|_|==============|___/=/_/_/_/
 :: Spring Boot ::                (v3.2.3)

2024-04-16T10:38:40.698+02:00  INFO 46758 --- [backend] [  restartedMain] o.djvmil.em.backend.BackendApplication   : Starting BackendApplication using Java 17 with PID 46758 (/Users/moustaphas.dieme/Desktop/EntretienMentor/EntretienMentorBackend/target/classes started by moustaphas.dieme in /Users/moustaphas.dieme/Desktop/EntretienMentor/EntretienMentorBackend)
2024-04-16T10:38:40.699+02:00  INFO 46758 --- [backend] [  restartedMain] o.djvmil.em.backend.BackendApplication   : No active profile set, falling back to 1 default profile: "default"
2024-04-16T10:38:42.211+02:00  INFO 46758 --- [backend] [  restartedMain] .s.d.r.c.RepositoryConfigurationDelegate : Bootstrapping Spring Data JPA repositories in DEFAULT mode.
2024-04-16T10:38:42.214+02:00  INFO 46758 --- [backend] [  restartedMain] .s.d.r.c.RepositoryConfigurationDelegate : Finished Spring Data repository scanning in 2 ms. Found 0 JPA repository interfaces.
2024-04-16T10:38:42.943+02:00  INFO 46758 --- [backend] [  restartedMain] o.s.b.w.embedded.tomcat.TomcatWebServer  : Tomcat initialized with port 8989 (http)
2024-04-16T10:38:42.951+02:00  INFO 46758 --- [backend] [  restartedMain] o.apache.catalina.core.StandardService   : Starting service [Tomcat]
2024-04-16T10:38:42.952+02:00  INFO 46758 --- [backend] [  restartedMain] o.apache.catalina.core.StandardEngine    : Starting Servlet engine: [Apache Tomcat/10.1.19]
2024-04-16T10:38:43.009+02:00  INFO 46758 --- [backend] [  restartedMain] o.a.c.c.C.[Tomcat].[localhost].[/em]     : Initializing Spring embedded WebApplicationContext
2024-04-16T10:38:43.009+02:00  INFO 46758 --- [backend] [  restartedMain] w.s.c.ServletWebServerApplicationContext : Root WebApplicationContext: initialization completed in 2302 ms
2024-04-16T10:38:43.046+02:00 DEBUG 46758 --- [backend] [  restartedMain] o.s.b.w.s.ServletContextInitializerBeans : Mapping filters: springSecurityFilterChain urls=[/*] order=-100, characterEncodingFilter urls=[/*] order=-2147483648, formContentFilter urls=[/*] order=-9900, requestContextFilter urls=[/*] order=-105
2024-04-16T10:38:43.047+02:00 DEBUG 46758 --- [backend] [  restartedMain] o.s.b.w.s.ServletContextInitializerBeans : Mapping servlets: dispatcherServlet urls=[/]
2024-04-16T10:38:43.149+02:00  INFO 46758 --- [backend] [  restartedMain] o.hibernate.jpa.internal.util.LogHelper  : HHH000204: Processing PersistenceUnitInfo [name: default]
2024-04-16T10:38:43.174+02:00  INFO 46758 --- [backend] [  restartedMain] o.h.c.internal.RegionFactoryInitiator    : HHH000026: Second-level cache disabled
2024-04-16T10:38:43.190+02:00  INFO 46758 --- [backend] [  restartedMain] o.s.o.j.p.SpringPersistenceUnitInfo      : No LoadTimeWeaver setup: ignoring JPA class transformer
2024-04-16T10:38:43.192+02:00  INFO 46758 --- [backend] [  restartedMain] com.zaxxer.hikari.HikariDataSource       : HikariPool-2 - Starting...
2024-04-16T10:38:43.227+02:00  INFO 46758 --- [backend] [  restartedMain] com.zaxxer.hikari.pool.HikariPool        : HikariPool-2 - Added connection org.postgresql.jdbc.PgConnection@709cbc31
2024-04-16T10:38:43.227+02:00  INFO 46758 --- [backend] [  restartedMain] com.zaxxer.hikari.HikariDataSource       : HikariPool-2 - Start completed.
2024-04-16T10:38:43.278+02:00  INFO 46758 --- [backend] [  restartedMain] o.h.e.t.j.p.i.JtaPlatformInitiator       : HHH000489: No JTA platform available (set 'hibernate.transaction.jta.platform' to enable JTA platform integration)
2024-04-16T10:38:43.279+02:00  INFO 46758 --- [backend] [  restartedMain] j.LocalContainerEntityManagerFactoryBean : Initialized JPA EntityManagerFactory for persistence unit 'default'
2024-04-16T10:38:43.293+02:00  WARN 46758 --- [backend] [  restartedMain] ConfigServletWebServerApplicationContext : Exception encountered during context initialization - cancelling refresh attempt: org.springframework.beans.factory.BeanCreationException: Error creating bean with name 'backendApplication': Post-processing of merged bean definition failed
2024-04-16T10:38:43.293+02:00  INFO 46758 --- [backend] [  restartedMain] j.LocalContainerEntityManagerFactoryBean : Closing JPA EntityManagerFactory for persistence unit 'default'
2024-04-16T10:38:43.293+02:00  INFO 46758 --- [backend] [  restartedMain] com.zaxxer.hikari.HikariDataSource       : HikariPool-2 - Shutdown initiated...
2024-04-16T10:38:43.294+02:00  INFO 46758 --- [backend] [  restartedMain] com.zaxxer.hikari.HikariDataSource       : HikariPool-2 - Shutdown completed.
2024-04-16T10:38:43.295+02:00  INFO 46758 --- [backend] [  restartedMain] o.apache.catalina.core.StandardService   : Stopping service [Tomcat]
2024-04-16T10:38:43.327+02:00  INFO 46758 --- [backend] [  restartedMain] .s.b.a.l.ConditionEvaluationReportLogger : 

Error starting ApplicationContext. To display the condition evaluation report re-run your application with 'debug' enabled.
2024-04-16T10:38:43.516+02:00 ERROR 46758 --- [backend] [  restartedMain] o.s.boot.SpringApplication               : Application run failed

org.springframework.beans.factory.BeanCreationException: Error creating bean with name 'backendApplication': Post-processing of merged bean definition failed
	at org.springframework.beans.factory.support.AbstractAutowireCapableBeanFactory.doCreateBean(AbstractAutowireCapableBeanFactory.java:577) ~[spring-beans-6.1.4.jar:6.1.4]
	at org.springframework.beans.factory.support.AbstractAutowireCapableBeanFactory.createBean(AbstractAutowireCapableBeanFactory.java:522) ~[spring-beans-6.1.4.jar:6.1.4]
	at org.springframework.beans.factory.support.AbstractBeanFactory.lambda$doGetBean$0(AbstractBeanFactory.java:325) ~[spring-beans-6.1.4.jar:6.1.4]
	at org.springframework.beans.factory.support.DefaultSingletonBeanRegistry.getSingleton(DefaultSingletonBeanRegistry.java:234) ~[spring-beans-6.1.4.jar:6.1.4]
	at org.springframework.beans.factory.support.AbstractBeanFactory.doGetBean(AbstractBeanFactory.java:323) ~[spring-beans-6.1.4.jar:6.1.4]
	at org.springframework.beans.factory.support.AbstractBeanFactory.getBean(AbstractBeanFactory.java:199) ~[spring-beans-6.1.4.jar:6.1.4]
	at org.springframework.beans.factory.support.DefaultListableBeanFactory.preInstantiateSingletons(DefaultListableBeanFactory.java:975) ~[spring-beans-6.1.4.jar:6.1.4]
	at org.springframework.context.support.AbstractApplicationContext.finishBeanFactoryInitialization(AbstractApplicationContext.java:959) ~[spring-context-6.1.4.jar:6.1.4]
	at org.springframework.context.support.AbstractApplicationContext.refresh(AbstractApplicationContext.java:624) ~[spring-context-6.1.4.jar:6.1.4]
	at org.springframework.boot.web.servlet.context.ServletWebServerApplicationContext.refresh(ServletWebServerApplicationContext.java:146) ~[spring-boot-3.2.3.jar:3.2.3]
	at org.springframework.boot.SpringApplication.refresh(SpringApplication.java:754) ~[spring-boot-3.2.3.jar:3.2.3]
	at org.springframework.boot.SpringApplication.refreshContext(SpringApplication.java:456) ~[spring-boot-3.2.3.jar:3.2.3]
	at org.springframework.boot.SpringApplication.run(SpringApplication.java:334) ~[spring-boot-3.2.3.jar:3.2.3]
	at org.springframework.boot.SpringApplication.run(SpringApplication.java:1354) ~[spring-boot-3.2.3.jar:3.2.3]
	at org.springframework.boot.SpringApplication.run(SpringApplication.java:1343) ~[spring-boot-3.2.3.jar:3.2.3]
	at org.djvmil.em.backend.BackendApplication.main(BackendApplication.java:26) ~[classes/:na]
	at java.base/jdk.internal.reflect.NativeMethodAccessorImpl.invoke0(Native Method) ~[na:na]
	at java.base/jdk.internal.reflect.NativeMethodAccessorImpl.invoke(NativeMethodAccessorImpl.java:77) ~[na:na]
	at java.base/jdk.internal.reflect.DelegatingMethodAccessorImpl.invoke(DelegatingMethodAccessorImpl.java:43) ~[na:na]
	at java.base/java.lang.reflect.Method.invoke(Method.java:568) ~[na:na]
	at org.springframework.boot.devtools.restart.RestartLauncher.run(RestartLauncher.java:50) ~[spring-boot-devtools-3.2.3.jar:3.2.3]
Caused by: java.lang.IllegalStateException: Failed to introspect Class [org.djvmil.em.backend.BackendApplication] from ClassLoader [jdk.internal.loader.ClassLoaders$AppClassLoader@42110406]
	at org.springframework.util.ReflectionUtils.getDeclaredFields(ReflectionUtils.java:757) ~[spring-core-6.1.4.jar:6.1.4]
	at org.springframework.util.ReflectionUtils.doWithLocalFields(ReflectionUtils.java:689) ~[spring-core-6.1.4.jar:6.1.4]
	at org.springframework.orm.jpa.support.PersistenceAnnotationBeanPostProcessor.buildPersistenceMetadata(PersistenceAnnotationBeanPostProcessor.java:436) ~[spring-orm-6.1.4.jar:6.1.4]
	at org.springframework.orm.jpa.support.PersistenceAnnotationBeanPostProcessor.findPersistenceMetadata(PersistenceAnnotationBeanPostProcessor.java:417) ~[spring-orm-6.1.4.jar:6.1.4]
	at org.springframework.orm.jpa.support.PersistenceAnnotationBeanPostProcessor.findInjectionMetadata(PersistenceAnnotationBeanPostProcessor.java:376) ~[spring-orm-6.1.4.jar:6.1.4]
	at org.springframework.orm.jpa.support.PersistenceAnnotationBeanPostProcessor.postProcessMergedBeanDefinition(PersistenceAnnotationBeanPostProcessor.java:353) ~[spring-orm-6.1.4.jar:6.1.4]
	at org.springframework.beans.factory.support.AbstractAutowireCapableBeanFactory.applyMergedBeanDefinitionPostProcessors(AbstractAutowireCapableBeanFactory.java:1085) ~[spring-beans-6.1.4.jar:6.1.4]
	at org.springframework.beans.factory.support.AbstractAutowireCapableBeanFactory.doCreateBean(AbstractAutowireCapableBeanFactory.java:574) ~[spring-beans-6.1.4.jar:6.1.4]
	... 20 common frames omitted
Caused by: java.lang.NoClassDefFoundError: org/djvmil/em/backend/core/service/UserService
	at java.base/java.lang.Class.getDeclaredFields0(Native Method) ~[na:na]
	at java.base/java.lang.Class.privateGetDeclaredFields(Class.java:3297) ~[na:na]
	at java.base/java.lang.Class.getDeclaredFields(Class.java:2371) ~[na:na]
	at org.springframework.util.ReflectionUtils.getDeclaredFields(ReflectionUtils.java:752) ~[spring-core-6.1.4.jar:6.1.4]
	... 27 common frames omitted
Caused by: java.lang.ClassNotFoundException: org.djvmil.em.backend.core.service.UserService
	at java.base/jdk.internal.loader.BuiltinClassLoader.loadClass(BuiltinClassLoader.java:641) ~[na:na]
	at java.base/jdk.internal.loader.ClassLoaders$AppClassLoader.loadClass(ClassLoaders.java:188) ~[na:na]
	at java.base/java.lang.ClassLoader.loadClass(ClassLoader.java:520) ~[na:na]
	... 31 common frames omitted


  .   ____          _            __ _ _
 /\\ / ___'_ __ _ _(_)_ __  __ _ \ \ \ \
( ( )\___ | '_ | '_| | '_ \/ _` | \ \ \ \
 \\/  ___)| |_)| | | | | || (_| |  ) ) ) )
  '  |____| .__|_| |_|_| |_\__, | / / / /
 =========|_|==============|___/=/_/_/_/
 :: Spring Boot ::                (v3.2.3)

2024-04-16T10:38:45.038+02:00  INFO 46758 --- [backend] [  restartedMain] o.djvmil.em.backend.BackendApplication   : Starting BackendApplication using Java 17 with PID 46758 (/Users/moustaphas.dieme/Desktop/EntretienMentor/EntretienMentorBackend/target/classes started by moustaphas.dieme in /Users/moustaphas.dieme/Desktop/EntretienMentor/EntretienMentorBackend)
2024-04-16T10:38:45.038+02:00  INFO 46758 --- [backend] [  restartedMain] o.djvmil.em.backend.BackendApplication   : No active profile set, falling back to 1 default profile: "default"
2024-04-16T10:38:45.612+02:00  INFO 46758 --- [backend] [  restartedMain] .s.d.r.c.RepositoryConfigurationDelegate : Bootstrapping Spring Data JPA repositories in DEFAULT mode.
2024-04-16T10:38:45.625+02:00  INFO 46758 --- [backend] [  restartedMain] .s.d.r.c.RepositoryConfigurationDelegate : Finished Spring Data repository scanning in 13 ms. Found 0 JPA repository interfaces.
2024-04-16T10:38:45.888+02:00  INFO 46758 --- [backend] [  restartedMain] o.s.b.w.embedded.tomcat.TomcatWebServer  : Tomcat initialized with port 8989 (http)
2024-04-16T10:38:45.891+02:00  INFO 46758 --- [backend] [  restartedMain] o.apache.catalina.core.StandardService   : Starting service [Tomcat]
2024-04-16T10:38:45.891+02:00  INFO 46758 --- [backend] [  restartedMain] o.apache.catalina.core.StandardEngine    : Starting Servlet engine: [Apache Tomcat/10.1.19]
2024-04-16T10:38:45.926+02:00  INFO 46758 --- [backend] [  restartedMain] o.a.c.c.C.[Tomcat-1].[localhost].[/em]   : Initializing Spring embedded WebApplicationContext
2024-04-16T10:38:45.926+02:00  INFO 46758 --- [backend] [  restartedMain] w.s.c.ServletWebServerApplicationContext : Root WebApplicationContext: initialization completed in 885 ms
2024-04-16T10:38:45.967+02:00 DEBUG 46758 --- [backend] [  restartedMain] o.s.b.w.s.ServletContextInitializerBeans : Mapping filters: springSecurityFilterChain urls=[/*] order=-100, characterEncodingFilter urls=[/*] order=-2147483648, formContentFilter urls=[/*] order=-9900, requestContextFilter urls=[/*] order=-105
2024-04-16T10:38:45.967+02:00 DEBUG 46758 --- [backend] [  restartedMain] o.s.b.w.s.ServletContextInitializerBeans : Mapping servlets: dispatcherServlet urls=[/]
2024-04-16T10:38:46.049+02:00  INFO 46758 --- [backend] [  restartedMain] o.hibernate.jpa.internal.util.LogHelper  : HHH000204: Processing PersistenceUnitInfo [name: default]
2024-04-16T10:38:46.052+02:00  INFO 46758 --- [backend] [  restartedMain] o.h.c.internal.RegionFactoryInitiator    : HHH000026: Second-level cache disabled
2024-04-16T10:38:46.069+02:00  INFO 46758 --- [backend] [  restartedMain] o.s.o.j.p.SpringPersistenceUnitInfo      : No LoadTimeWeaver setup: ignoring JPA class transformer
2024-04-16T10:38:46.070+02:00  INFO 46758 --- [backend] [  restartedMain] com.zaxxer.hikari.HikariDataSource       : HikariPool-3 - Starting...
2024-04-16T10:38:46.082+02:00  INFO 46758 --- [backend] [  restartedMain] com.zaxxer.hikari.pool.HikariPool        : HikariPool-3 - Added connection org.postgresql.jdbc.PgConnection@450d1c86
2024-04-16T10:38:46.083+02:00  INFO 46758 --- [backend] [  restartedMain] com.zaxxer.hikari.HikariDataSource       : HikariPool-3 - Start completed.
2024-04-16T10:38:46.159+02:00  INFO 46758 --- [backend] [  restartedMain] o.h.e.t.j.p.i.JtaPlatformInitiator       : HHH000489: No JTA platform available (set 'hibernate.transaction.jta.platform' to enable JTA platform integration)
2024-04-16T10:38:46.160+02:00  INFO 46758 --- [backend] [  restartedMain] j.LocalContainerEntityManagerFactoryBean : Initialized JPA EntityManagerFactory for persistence unit 'default'
2024-04-16T10:38:46.178+02:00  WARN 46758 --- [backend] [  restartedMain] ConfigServletWebServerApplicationContext : Exception encountered during context initialization - cancelling refresh attempt: org.springframework.beans.factory.BeanCreationException: Error creating bean with name 'backendApplication': Post-processing of merged bean definition failed
2024-04-16T10:38:46.179+02:00  INFO 46758 --- [backend] [  restartedMain] j.LocalContainerEntityManagerFactoryBean : Closing JPA EntityManagerFactory for persistence unit 'default'
2024-04-16T10:38:46.180+02:00  INFO 46758 --- [backend] [  restartedMain] com.zaxxer.hikari.HikariDataSource       : HikariPool-3 - Shutdown initiated...
2024-04-16T10:38:46.195+02:00  INFO 46758 --- [backend] [  restartedMain] com.zaxxer.hikari.HikariDataSource       : HikariPool-3 - Shutdown completed.
2024-04-16T10:38:46.196+02:00  INFO 46758 --- [backend] [  restartedMain] o.apache.catalina.core.StandardService   : Stopping service [Tomcat]
2024-04-16T10:38:46.224+02:00  INFO 46758 --- [backend] [  restartedMain] .s.b.a.l.ConditionEvaluationReportLogger : 

Error starting ApplicationContext. To display the condition evaluation report re-run your application with 'debug' enabled.
2024-04-16T10:38:46.246+02:00 ERROR 46758 --- [backend] [  restartedMain] o.s.boot.SpringApplication               : Application run failed

org.springframework.beans.factory.BeanCreationException: Error creating bean with name 'backendApplication': Post-processing of merged bean definition failed
	at org.springframework.beans.factory.support.AbstractAutowireCapableBeanFactory.doCreateBean(AbstractAutowireCapableBeanFactory.java:577) ~[spring-beans-6.1.4.jar:6.1.4]
	at org.springframework.beans.factory.support.AbstractAutowireCapableBeanFactory.createBean(AbstractAutowireCapableBeanFactory.java:522) ~[spring-beans-6.1.4.jar:6.1.4]
	at org.springframework.beans.factory.support.AbstractBeanFactory.lambda$doGetBean$0(AbstractBeanFactory.java:325) ~[spring-beans-6.1.4.jar:6.1.4]
	at org.springframework.beans.factory.support.DefaultSingletonBeanRegistry.getSingleton(DefaultSingletonBeanRegistry.java:234) ~[spring-beans-6.1.4.jar:6.1.4]
	at org.springframework.beans.factory.support.AbstractBeanFactory.doGetBean(AbstractBeanFactory.java:323) ~[spring-beans-6.1.4.jar:6.1.4]
	at org.springframework.beans.factory.support.AbstractBeanFactory.getBean(AbstractBeanFactory.java:199) ~[spring-beans-6.1.4.jar:6.1.4]
	at org.springframework.beans.factory.support.DefaultListableBeanFactory.preInstantiateSingletons(DefaultListableBeanFactory.java:975) ~[spring-beans-6.1.4.jar:6.1.4]
	at org.springframework.context.support.AbstractApplicationContext.finishBeanFactoryInitialization(AbstractApplicationContext.java:959) ~[spring-context-6.1.4.jar:6.1.4]
	at org.springframework.context.support.AbstractApplicationContext.refresh(AbstractApplicationContext.java:624) ~[spring-context-6.1.4.jar:6.1.4]
	at org.springframework.boot.web.servlet.context.ServletWebServerApplicationContext.refresh(ServletWebServerApplicationContext.java:146) ~[spring-boot-3.2.3.jar:3.2.3]
	at org.springframework.boot.SpringApplication.refresh(SpringApplication.java:754) ~[spring-boot-3.2.3.jar:3.2.3]
	at org.springframework.boot.SpringApplication.refreshContext(SpringApplication.java:456) ~[spring-boot-3.2.3.jar:3.2.3]
	at org.springframework.boot.SpringApplication.run(SpringApplication.java:334) ~[spring-boot-3.2.3.jar:3.2.3]
	at org.springframework.boot.SpringApplication.run(SpringApplication.java:1354) ~[spring-boot-3.2.3.jar:3.2.3]
	at org.springframework.boot.SpringApplication.run(SpringApplication.java:1343) ~[spring-boot-3.2.3.jar:3.2.3]
	at org.djvmil.em.backend.BackendApplication.main(BackendApplication.java:26) ~[classes/:na]
	at java.base/jdk.internal.reflect.NativeMethodAccessorImpl.invoke0(Native Method) ~[na:na]
	at java.base/jdk.internal.reflect.NativeMethodAccessorImpl.invoke(NativeMethodAccessorImpl.java:77) ~[na:na]
	at java.base/jdk.internal.reflect.DelegatingMethodAccessorImpl.invoke(DelegatingMethodAccessorImpl.java:43) ~[na:na]
	at java.base/java.lang.reflect.Method.invoke(Method.java:568) ~[na:na]
	at org.springframework.boot.devtools.restart.RestartLauncher.run(RestartLauncher.java:50) ~[spring-boot-devtools-3.2.3.jar:3.2.3]
Caused by: java.lang.IllegalStateException: Failed to introspect Class [org.djvmil.em.backend.BackendApplication] from ClassLoader [jdk.internal.loader.ClassLoaders$AppClassLoader@42110406]
	at org.springframework.util.ReflectionUtils.getDeclaredFields(ReflectionUtils.java:757) ~[spring-core-6.1.4.jar:6.1.4]
	at org.springframework.util.ReflectionUtils.doWithLocalFields(ReflectionUtils.java:689) ~[spring-core-6.1.4.jar:6.1.4]
	at org.springframework.orm.jpa.support.PersistenceAnnotationBeanPostProcessor.buildPersistenceMetadata(PersistenceAnnotationBeanPostProcessor.java:436) ~[spring-orm-6.1.4.jar:6.1.4]
	at org.springframework.orm.jpa.support.PersistenceAnnotationBeanPostProcessor.findPersistenceMetadata(PersistenceAnnotationBeanPostProcessor.java:417) ~[spring-orm-6.1.4.jar:6.1.4]
	at org.springframework.orm.jpa.support.PersistenceAnnotationBeanPostProcessor.findInjectionMetadata(PersistenceAnnotationBeanPostProcessor.java:376) ~[spring-orm-6.1.4.jar:6.1.4]
	at org.springframework.orm.jpa.support.PersistenceAnnotationBeanPostProcessor.postProcessMergedBeanDefinition(PersistenceAnnotationBeanPostProcessor.java:353) ~[spring-orm-6.1.4.jar:6.1.4]
	at org.springframework.beans.factory.support.AbstractAutowireCapableBeanFactory.applyMergedBeanDefinitionPostProcessors(AbstractAutowireCapableBeanFactory.java:1085) ~[spring-beans-6.1.4.jar:6.1.4]
	at org.springframework.beans.factory.support.AbstractAutowireCapableBeanFactory.doCreateBean(AbstractAutowireCapableBeanFactory.java:574) ~[spring-beans-6.1.4.jar:6.1.4]
	... 20 common frames omitted
Caused by: java.lang.NoClassDefFoundError: org/djvmil/em/backend/core/service/UserService
	at java.base/java.lang.Class.getDeclaredFields0(Native Method) ~[na:na]
	at java.base/java.lang.Class.privateGetDeclaredFields(Class.java:3297) ~[na:na]
	at java.base/java.lang.Class.getDeclaredFields(Class.java:2371) ~[na:na]
	at org.springframework.util.ReflectionUtils.getDeclaredFields(ReflectionUtils.java:752) ~[spring-core-6.1.4.jar:6.1.4]
	... 27 common frames omitted
Caused by: java.lang.ClassNotFoundException: org.djvmil.em.backend.core.service.UserService
	at java.base/jdk.internal.loader.BuiltinClassLoader.loadClass(BuiltinClassLoader.java:641) ~[na:na]
	at java.base/jdk.internal.loader.ClassLoaders$AppClassLoader.loadClass(ClassLoaders.java:188) ~[na:na]
	at java.base/java.lang.ClassLoader.loadClass(ClassLoader.java:520) ~[na:na]
	... 31 common frames omitted


  .   ____          _            __ _ _
 /\\ / ___'_ __ _ _(_)_ __  __ _ \ \ \ \
( ( )\___ | '_ | '_| | '_ \/ _` | \ \ \ \
 \\/  ___)| |_)| | | | | || (_| |  ) ) ) )
  '  |____| .__|_| |_|_| |_\__, | / / / /
 =========|_|==============|___/=/_/_/_/
 :: Spring Boot ::                (v3.2.3)

2024-04-16T10:38:55.107+02:00  INFO 46758 --- [backend] [  restartedMain] o.djvmil.em.backend.BackendApplication   : Starting BackendApplication using Java 17 with PID 46758 (/Users/moustaphas.dieme/Desktop/EntretienMentor/EntretienMentorBackend/target/classes started by moustaphas.dieme in /Users/moustaphas.dieme/Desktop/EntretienMentor/EntretienMentorBackend)
2024-04-16T10:38:55.107+02:00  INFO 46758 --- [backend] [  restartedMain] o.djvmil.em.backend.BackendApplication   : No active profile set, falling back to 1 default profile: "default"
2024-04-16T10:38:56.430+02:00  INFO 46758 --- [backend] [  restartedMain] .s.d.r.c.RepositoryConfigurationDelegate : Bootstrapping Spring Data JPA repositories in DEFAULT mode.
2024-04-16T10:38:56.608+02:00  INFO 46758 --- [backend] [  restartedMain] .s.d.r.c.RepositoryConfigurationDelegate : Finished Spring Data repository scanning in 177 ms. Found 14 JPA repository interfaces.
2024-04-16T10:38:57.657+02:00  INFO 46758 --- [backend] [  restartedMain] o.s.b.w.embedded.tomcat.TomcatWebServer  : Tomcat initialized with port 8989 (http)
2024-04-16T10:38:57.658+02:00  INFO 46758 --- [backend] [  restartedMain] o.apache.catalina.core.StandardService   : Starting service [Tomcat]
2024-04-16T10:38:57.659+02:00  INFO 46758 --- [backend] [  restartedMain] o.apache.catalina.core.StandardEngine    : Starting Servlet engine: [Apache Tomcat/10.1.19]
2024-04-16T10:38:57.728+02:00  INFO 46758 --- [backend] [  restartedMain] o.a.c.c.C.[Tomcat-2].[localhost].[/em]   : Initializing Spring embedded WebApplicationContext
2024-04-16T10:38:57.728+02:00  INFO 46758 --- [backend] [  restartedMain] w.s.c.ServletWebServerApplicationContext : Root WebApplicationContext: initialization completed in 2619 ms
2024-04-16T10:38:58.025+02:00  INFO 46758 --- [backend] [  restartedMain] o.hibernate.jpa.internal.util.LogHelper  : HHH000204: Processing PersistenceUnitInfo [name: default]
2024-04-16T10:38:58.058+02:00  INFO 46758 --- [backend] [  restartedMain] o.h.c.internal.RegionFactoryInitiator    : HHH000026: Second-level cache disabled
2024-04-16T10:38:58.074+02:00  INFO 46758 --- [backend] [  restartedMain] o.s.o.j.p.SpringPersistenceUnitInfo      : No LoadTimeWeaver setup: ignoring JPA class transformer
2024-04-16T10:38:58.075+02:00  INFO 46758 --- [backend] [  restartedMain] com.zaxxer.hikari.HikariDataSource       : HikariPool-4 - Starting...
2024-04-16T10:38:58.093+02:00  INFO 46758 --- [backend] [  restartedMain] com.zaxxer.hikari.pool.HikariPool        : HikariPool-4 - Added connection org.postgresql.jdbc.PgConnection@492c9cef
2024-04-16T10:38:58.094+02:00  INFO 46758 --- [backend] [  restartedMain] com.zaxxer.hikari.HikariDataSource       : HikariPool-4 - Start completed.
2024-04-16T10:38:59.324+02:00  INFO 46758 --- [backend] [  restartedMain] o.h.e.t.j.p.i.JtaPlatformInitiator       : HHH000489: No JTA platform available (set 'hibernate.transaction.jta.platform' to enable JTA platform integration)
2024-04-16T10:38:59.635+02:00  INFO 46758 --- [backend] [  restartedMain] j.LocalContainerEntityManagerFactoryBean : Initialized JPA EntityManagerFactory for persistence unit 'default'
2024-04-16T10:38:59.976+02:00 ERROR 46758 --- [backend] [  restartedMain] o.s.b.web.embedded.tomcat.TomcatStarter  : Error starting Tomcat context. Exception: org.springframework.beans.factory.UnsatisfiedDependencyException. Message: Error creating bean with name 'JWTFilter': Unsatisfied dependency expressed through field 'userDetailsServiceImpl': Error creating bean with name 'EMUserDetailsService': Unsatisfied dependency expressed through field 'userService': Error creating bean with name 'userService': Unsatisfied dependency expressed through field 'modelMapper': Error creating bean with name 'backendApplication': Unsatisfied dependency expressed through field 'userService': No qualifying bean of type 'org.djvmil.em.backend.core.service.UserService' available: expected at least 1 bean which qualifies as autowire candidate. Dependency annotations: {@org.springframework.beans.factory.annotation.Autowired(required=true)}
2024-04-16T10:38:59.980+02:00  INFO 46758 --- [backend] [  restartedMain] o.apache.catalina.core.StandardService   : Stopping service [Tomcat]
2024-04-16T10:38:59.983+02:00  WARN 46758 --- [backend] [  restartedMain] o.a.c.loader.WebappClassLoaderBase       : The web application [em] appears to have started a thread named [HikariPool-4 housekeeper] but has failed to stop it. This is very likely to create a memory leak. Stack trace of thread:
 java.base@17/jdk.internal.misc.Unsafe.park(Native Method)
 java.base@17/java.util.concurrent.locks.LockSupport.parkNanos(LockSupport.java:252)
 java.base@17/java.util.concurrent.locks.AbstractQueuedSynchronizer$ConditionObject.awaitNanos(AbstractQueuedSynchronizer.java:1672)
 java.base@17/java.util.concurrent.ScheduledThreadPoolExecutor$DelayedWorkQueue.take(ScheduledThreadPoolExecutor.java:1182)
 java.base@17/java.util.concurrent.ScheduledThreadPoolExecutor$DelayedWorkQueue.take(ScheduledThreadPoolExecutor.java:899)
 java.base@17/java.util.concurrent.ThreadPoolExecutor.getTask(ThreadPoolExecutor.java:1062)
 java.base@17/java.util.concurrent.ThreadPoolExecutor.runWorker(ThreadPoolExecutor.java:1122)
 java.base@17/java.util.concurrent.ThreadPoolExecutor$Worker.run(ThreadPoolExecutor.java:635)
 java.base@17/java.lang.Thread.run(Thread.java:833)
2024-04-16T10:38:59.992+02:00  WARN 46758 --- [backend] [  restartedMain] o.a.c.loader.WebappClassLoaderBase       : The web application [em] appears to have started a thread named [HikariPool-4 connection adder] but has failed to stop it. This is very likely to create a memory leak. Stack trace of thread:
 java.base@17/jdk.internal.misc.Unsafe.park(Native Method)
 java.base@17/java.util.concurrent.locks.LockSupport.parkNanos(LockSupport.java:252)
 java.base@17/java.util.concurrent.locks.AbstractQueuedSynchronizer$ConditionObject.awaitNanos(AbstractQueuedSynchronizer.java:1672)
 java.base@17/java.util.concurrent.LinkedBlockingQueue.poll(LinkedBlockingQueue.java:460)
 java.base@17/java.util.concurrent.ThreadPoolExecutor.getTask(ThreadPoolExecutor.java:1061)
 java.base@17/java.util.concurrent.ThreadPoolExecutor.runWorker(ThreadPoolExecutor.java:1122)
 java.base@17/java.util.concurrent.ThreadPoolExecutor$Worker.run(ThreadPoolExecutor.java:635)
 java.base@17/java.lang.Thread.run(Thread.java:833)
2024-04-16T10:38:59.993+02:00  WARN 46758 --- [backend] [  restartedMain] ConfigServletWebServerApplicationContext : Exception encountered during context initialization - cancelling refresh attempt: org.springframework.context.ApplicationContextException: Unable to start web server
2024-04-16T10:38:59.994+02:00  INFO 46758 --- [backend] [  restartedMain] j.LocalContainerEntityManagerFactoryBean : Closing JPA EntityManagerFactory for persistence unit 'default'
2024-04-16T10:38:59.996+02:00  INFO 46758 --- [backend] [  restartedMain] com.zaxxer.hikari.HikariDataSource       : HikariPool-4 - Shutdown initiated...
2024-04-16T10:38:59.998+02:00  INFO 46758 --- [backend] [  restartedMain] com.zaxxer.hikari.HikariDataSource       : HikariPool-4 - Shutdown completed.
2024-04-16T10:39:00.099+02:00  INFO 46758 --- [backend] [  restartedMain] .s.b.a.l.ConditionEvaluationReportLogger : 

Error starting ApplicationContext. To display the condition evaluation report re-run your application with 'debug' enabled.
2024-04-16T10:39:00.111+02:00 ERROR 46758 --- [backend] [  restartedMain] o.s.b.d.LoggingFailureAnalysisReporter   : 

***************************
APPLICATION FAILED TO START
***************************

Description:

Field userService in org.djvmil.em.backend.BackendApplication required a bean of type 'org.djvmil.em.backend.core.service.UserService' that could not be found.

The injection point has the following annotations:
	- @org.springframework.beans.factory.annotation.Autowired(required=true)


Action:

Consider defining a bean of type 'org.djvmil.em.backend.core.service.UserService' in your configuration.

[INFO] Scanning for projects...
[WARNING] 
[WARNING] Some problems were encountered while building the effective model for org.djvmil.em:backend:war:0.0.1-SNAPSHOT
[WARNING] The expression ${artifactId} is deprecated. Please use ${project.artifactId} instead.
[WARNING] 
[WARNING] It is highly recommended to fix these problems because they threaten the stability of your build.
[WARNING] 
[WARNING] For this reason, future Maven versions might no longer support building such malformed projects.
[WARNING] 
[INFO] 
[INFO] -----------------------< org.djvmil.em:backend >------------------------
[INFO] Building backend 0.0.1-SNAPSHOT
[INFO]   from pom.xml
[INFO] --------------------------------[ war ]---------------------------------
[INFO] 
[INFO] >>> spring-boot:3.2.3:run (default-cli) > test-compile @ backend >>>
[INFO] 
[INFO] --- resources:3.3.1:resources (default-resources) @ backend ---
[INFO] Copying 11 resources from src/main/resources to target/classes
[INFO] 
[INFO] --- compiler:3.11.0:compile (default-compile) @ backend ---
[INFO] Changes detected - recompiling the module! :source
[INFO] Compiling 92 source files with javac [debug release 17] to target/classes

  .   ____          _            __ _ _
 /\\ / ___'_ __ _ _(_)_ __  __ _ \ \ \ \
( ( )\___ | '_ | '_| | '_ \/ _` | \ \ \ \
 \\/  ___)| |_)| | | | | || (_| |  ) ) ) )
  '  |____| .__|_| |_|_| |_\__, | / / / /
 =========|_|==============|___/=/_/_/_/
 :: Spring Boot ::                (v3.2.3)

2024-04-16T10:39:49.546+02:00  INFO 46758 --- [backend] [  restartedMain] o.djvmil.em.backend.BackendApplication   : Starting BackendApplication using Java 17 with PID 46758 (/Users/moustaphas.dieme/Desktop/EntretienMentor/EntretienMentorBackend/target/classes started by moustaphas.dieme in /Users/moustaphas.dieme/Desktop/EntretienMentor/EntretienMentorBackend)
2024-04-16T10:39:49.549+02:00  INFO 46758 --- [backend] [  restartedMain] o.djvmil.em.backend.BackendApplication   : No active profile set, falling back to 1 default profile: "default"
2024-04-16T10:39:50.400+02:00  INFO 46758 --- [backend] [  restartedMain] .s.d.r.c.RepositoryConfigurationDelegate : Bootstrapping Spring Data JPA repositories in DEFAULT mode.
2024-04-16T10:39:50.405+02:00  INFO 46758 --- [backend] [  restartedMain] .s.d.r.c.RepositoryConfigurationDelegate : Finished Spring Data repository scanning in 3 ms. Found 0 JPA repository interfaces.
2024-04-16T10:39:50.624+02:00  INFO 46758 --- [backend] [  restartedMain] o.s.b.w.embedded.tomcat.TomcatWebServer  : Tomcat initialized with port 8989 (http)
2024-04-16T10:39:50.626+02:00  INFO 46758 --- [backend] [  restartedMain] o.apache.catalina.core.StandardService   : Starting service [Tomcat]
2024-04-16T10:39:50.626+02:00  INFO 46758 --- [backend] [  restartedMain] o.apache.catalina.core.StandardEngine    : Starting Servlet engine: [Apache Tomcat/10.1.19]
2024-04-16T10:39:50.661+02:00  INFO 46758 --- [backend] [  restartedMain] o.a.c.c.C.[Tomcat-3].[localhost].[/em]   : Initializing Spring embedded WebApplicationContext
2024-04-16T10:39:50.661+02:00  INFO 46758 --- [backend] [  restartedMain] w.s.c.ServletWebServerApplicationContext : Root WebApplicationContext: initialization completed in 1088 ms
2024-04-16T10:39:50.726+02:00 DEBUG 46758 --- [backend] [  restartedMain] o.s.b.w.s.ServletContextInitializerBeans : Mapping filters: springSecurityFilterChain urls=[/*] order=-100, characterEncodingFilter urls=[/*] order=-2147483648, formContentFilter urls=[/*] order=-9900, requestContextFilter urls=[/*] order=-105
2024-04-16T10:39:50.730+02:00 DEBUG 46758 --- [backend] [  restartedMain] o.s.b.w.s.ServletContextInitializerBeans : Mapping servlets: dispatcherServlet urls=[/]
2024-04-16T10:39:50.823+02:00  INFO 46758 --- [backend] [  restartedMain] o.hibernate.jpa.internal.util.LogHelper  : HHH000204: Processing PersistenceUnitInfo [name: default]
2024-04-16T10:39:50.828+02:00  INFO 46758 --- [backend] [  restartedMain] o.h.c.internal.RegionFactoryInitiator    : HHH000026: Second-level cache disabled
2024-04-16T10:39:50.839+02:00  INFO 46758 --- [backend] [  restartedMain] o.s.o.j.p.SpringPersistenceUnitInfo      : No LoadTimeWeaver setup: ignoring JPA class transformer
2024-04-16T10:39:50.841+02:00  INFO 46758 --- [backend] [  restartedMain] com.zaxxer.hikari.HikariDataSource       : HikariPool-5 - Starting...
2024-04-16T10:39:50.896+02:00  INFO 46758 --- [backend] [  restartedMain] com.zaxxer.hikari.pool.HikariPool        : HikariPool-5 - Added connection org.postgresql.jdbc.PgConnection@6b312c22
2024-04-16T10:39:50.897+02:00  INFO 46758 --- [backend] [  restartedMain] com.zaxxer.hikari.HikariDataSource       : HikariPool-5 - Start completed.
2024-04-16T10:39:50.936+02:00  INFO 46758 --- [backend] [  restartedMain] o.h.e.t.j.p.i.JtaPlatformInitiator       : HHH000489: No JTA platform available (set 'hibernate.transaction.jta.platform' to enable JTA platform integration)
2024-04-16T10:39:50.937+02:00  INFO 46758 --- [backend] [  restartedMain] j.LocalContainerEntityManagerFactoryBean : Initialized JPA EntityManagerFactory for persistence unit 'default'
2024-04-16T10:39:50.947+02:00  WARN 46758 --- [backend] [  restartedMain] ConfigServletWebServerApplicationContext : Exception encountered during context initialization - cancelling refresh attempt: org.springframework.beans.factory.UnsatisfiedDependencyException: Error creating bean with name 'backendApplication': Unsatisfied dependency expressed through field 'userService': No qualifying bean of type 'org.djvmil.em.backend.core.service.UserService' available: expected at least 1 bean which qualifies as autowire candidate. Dependency annotations: {@org.springframework.beans.factory.annotation.Autowired(required=true)}
2024-04-16T10:39:50.948+02:00  INFO 46758 --- [backend] [  restartedMain] j.LocalContainerEntityManagerFactoryBean : Closing JPA EntityManagerFactory for persistence unit 'default'
2024-04-16T10:39:50.948+02:00  INFO 46758 --- [backend] [  restartedMain] com.zaxxer.hikari.HikariDataSource       : HikariPool-5 - Shutdown initiated...
2024-04-16T10:39:50.952+02:00  INFO 46758 --- [backend] [  restartedMain] com.zaxxer.hikari.HikariDataSource       : HikariPool-5 - Shutdown completed.
2024-04-16T10:39:50.953+02:00  INFO 46758 --- [backend] [  restartedMain] o.apache.catalina.core.StandardService   : Stopping service [Tomcat]
2024-04-16T10:39:50.963+02:00  INFO 46758 --- [backend] [  restartedMain] .s.b.a.l.ConditionEvaluationReportLogger : 

Error starting ApplicationContext. To display the condition evaluation report re-run your application with 'debug' enabled.
2024-04-16T10:39:50.975+02:00 ERROR 46758 --- [backend] [  restartedMain] o.s.b.d.LoggingFailureAnalysisReporter   : 

***************************
APPLICATION FAILED TO START
***************************

Description:

Field userService in org.djvmil.em.backend.BackendApplication required a bean of type 'org.djvmil.em.backend.core.service.UserService' that could not be found.

The injection point has the following annotations:
	- @org.springframework.beans.factory.annotation.Autowired(required=true)


Action:

Consider defining a bean of type 'org.djvmil.em.backend.core.service.UserService' in your configuration.

[INFO] /Users/moustaphas.dieme/Desktop/EntretienMentor/EntretienMentorBackend/src/main/java/org/djvmil/em/backend/core/repository/file/AuthFileRepository.java: /Users/moustaphas.dieme/Desktop/EntretienMentor/EntretienMentorBackend/src/main/java/org/djvmil/em/backend/core/repository/file/AuthFileRepository.java uses or overrides a deprecated API.
[INFO] /Users/moustaphas.dieme/Desktop/EntretienMentor/EntretienMentorBackend/src/main/java/org/djvmil/em/backend/core/repository/file/AuthFileRepository.java: Recompile with -Xlint:deprecation for details.
[INFO] 
[INFO] --- resources:3.3.1:testResources (default-testResources) @ backend ---
[INFO] skip non existing resourceDirectory /Users/moustaphas.dieme/Desktop/EntretienMentor/EntretienMentorBackend/src/test/resources
[INFO] 
[INFO] --- compiler:3.11.0:testCompile (default-testCompile) @ backend ---
[INFO] Changes detected - recompiling the module! :dependency
[INFO] Compiling 5 source files with javac [debug release 17] to target/test-classes

  .   ____          _            __ _ _
 /\\ / ___'_ __ _ _(_)_ __  __ _ \ \ \ \
( ( )\___ | '_ | '_| | '_ \/ _` | \ \ \ \
 \\/  ___)| |_)| | | | | || (_| |  ) ) ) )
  '  |____| .__|_| |_|_| |_\__, | / / / /
 =========|_|==============|___/=/_/_/_/
 :: Spring Boot ::                (v3.2.3)

2024-04-16T10:39:55.147+02:00  INFO 46758 --- [backend] [  restartedMain] o.djvmil.em.backend.BackendApplication   : Starting BackendApplication using Java 17 with PID 46758 (/Users/moustaphas.dieme/Desktop/EntretienMentor/EntretienMentorBackend/target/classes started by moustaphas.dieme in /Users/moustaphas.dieme/Desktop/EntretienMentor/EntretienMentorBackend)
2024-04-16T10:39:55.147+02:00  INFO 46758 --- [backend] [  restartedMain] o.djvmil.em.backend.BackendApplication   : No active profile set, falling back to 1 default profile: "default"
2024-04-16T10:39:56.418+02:00  INFO 46758 --- [backend] [  restartedMain] .s.d.r.c.RepositoryConfigurationDelegate : Bootstrapping Spring Data JPA repositories in DEFAULT mode.
2024-04-16T10:39:56.564+02:00  INFO 46758 --- [backend] [  restartedMain] .s.d.r.c.RepositoryConfigurationDelegate : Finished Spring Data repository scanning in 145 ms. Found 14 JPA repository interfaces.
2024-04-16T10:39:57.556+02:00  INFO 46758 --- [backend] [  restartedMain] o.s.b.w.embedded.tomcat.TomcatWebServer  : Tomcat initialized with port 8989 (http)
2024-04-16T10:39:57.558+02:00  INFO 46758 --- [backend] [  restartedMain] o.apache.catalina.core.StandardService   : Starting service [Tomcat]
2024-04-16T10:39:57.558+02:00  INFO 46758 --- [backend] [  restartedMain] o.apache.catalina.core.StandardEngine    : Starting Servlet engine: [Apache Tomcat/10.1.19]
2024-04-16T10:39:57.605+02:00  INFO 46758 --- [backend] [  restartedMain] o.a.c.c.C.[Tomcat-4].[localhost].[/em]   : Initializing Spring embedded WebApplicationContext
2024-04-16T10:39:57.607+02:00  INFO 46758 --- [backend] [  restartedMain] w.s.c.ServletWebServerApplicationContext : Root WebApplicationContext: initialization completed in 2456 ms
2024-04-16T10:39:57.898+02:00  INFO 46758 --- [backend] [  restartedMain] o.hibernate.jpa.internal.util.LogHelper  : HHH000204: Processing PersistenceUnitInfo [name: default]
2024-04-16T10:39:57.903+02:00  INFO 46758 --- [backend] [  restartedMain] o.h.c.internal.RegionFactoryInitiator    : HHH000026: Second-level cache disabled
2024-04-16T10:39:57.911+02:00  INFO 46758 --- [backend] [  restartedMain] o.s.o.j.p.SpringPersistenceUnitInfo      : No LoadTimeWeaver setup: ignoring JPA class transformer
2024-04-16T10:39:57.912+02:00  INFO 46758 --- [backend] [  restartedMain] com.zaxxer.hikari.HikariDataSource       : HikariPool-6 - Starting...
2024-04-16T10:39:57.923+02:00  INFO 46758 --- [backend] [  restartedMain] com.zaxxer.hikari.pool.HikariPool        : HikariPool-6 - Added connection org.postgresql.jdbc.PgConnection@75a85327
2024-04-16T10:39:57.923+02:00  INFO 46758 --- [backend] [  restartedMain] com.zaxxer.hikari.HikariDataSource       : HikariPool-6 - Start completed.
[INFO] 
[INFO] <<< spring-boot:3.2.3:run (default-cli) < test-compile @ backend <<<
[INFO] 
[INFO] 
[INFO] --- spring-boot:3.2.3:run (default-cli) @ backend ---
[INFO] Attaching agents: []
2024-04-16T10:39:58.431+02:00  INFO 46758 --- [backend] [  restartedMain] o.h.e.t.j.p.i.JtaPlatformInitiator       : HHH000489: No JTA platform available (set 'hibernate.transaction.jta.platform' to enable JTA platform integration)
2024-04-16T10:39:59.093+02:00  INFO 46758 --- [backend] [  restartedMain] j.LocalContainerEntityManagerFactoryBean : Initialized JPA EntityManagerFactory for persistence unit 'default'
2024-04-16T10:39:59.290+02:00 ERROR 46758 --- [backend] [  restartedMain] o.s.b.web.embedded.tomcat.TomcatStarter  : Error starting Tomcat context. Exception: org.springframework.beans.factory.UnsatisfiedDependencyException. Message: Error creating bean with name 'JWTFilter': Unsatisfied dependency expressed through field 'userDetailsServiceImpl': Error creating bean with name 'EMUserDetailsService': Unsatisfied dependency expressed through field 'userService': Error creating bean with name 'userService': Unsatisfied dependency expressed through field 'modelMapper': Error creating bean with name 'backendApplication': Unsatisfied dependency expressed through field 'userService': No qualifying bean of type 'org.djvmil.em.backend.core.service.UserService' available: expected at least 1 bean which qualifies as autowire candidate. Dependency annotations: {@org.springframework.beans.factory.annotation.Autowired(required=true)}
2024-04-16T10:39:59.291+02:00  INFO 46758 --- [backend] [  restartedMain] o.apache.catalina.core.StandardService   : Stopping service [Tomcat]
2024-04-16T10:39:59.293+02:00  WARN 46758 --- [backend] [  restartedMain] o.a.c.loader.WebappClassLoaderBase       : The web application [em] appears to have started a thread named [HikariPool-6 housekeeper] but has failed to stop it. This is very likely to create a memory leak. Stack trace of thread:
 java.base@17/jdk.internal.misc.Unsafe.park(Native Method)
 java.base@17/java.util.concurrent.locks.LockSupport.parkNanos(LockSupport.java:252)
 java.base@17/java.util.concurrent.locks.AbstractQueuedSynchronizer$ConditionObject.awaitNanos(AbstractQueuedSynchronizer.java:1672)
 java.base@17/java.util.concurrent.ScheduledThreadPoolExecutor$DelayedWorkQueue.take(ScheduledThreadPoolExecutor.java:1182)
 java.base@17/java.util.concurrent.ScheduledThreadPoolExecutor$DelayedWorkQueue.take(ScheduledThreadPoolExecutor.java:899)
 java.base@17/java.util.concurrent.ThreadPoolExecutor.getTask(ThreadPoolExecutor.java:1062)
 java.base@17/java.util.concurrent.ThreadPoolExecutor.runWorker(ThreadPoolExecutor.java:1122)
 java.base@17/java.util.concurrent.ThreadPoolExecutor$Worker.run(ThreadPoolExecutor.java:635)
 java.base@17/java.lang.Thread.run(Thread.java:833)
2024-04-16T10:39:59.293+02:00  WARN 46758 --- [backend] [  restartedMain] o.a.c.loader.WebappClassLoaderBase       : The web application [em] appears to have started a thread named [HikariPool-6 connection adder] but has failed to stop it. This is very likely to create a memory leak. Stack trace of thread:
 java.base@17/jdk.internal.misc.Unsafe.park(Native Method)
 java.base@17/java.util.concurrent.locks.LockSupport.parkNanos(LockSupport.java:252)
 java.base@17/java.util.concurrent.locks.AbstractQueuedSynchronizer$ConditionObject.awaitNanos(AbstractQueuedSynchronizer.java:1672)
 java.base@17/java.util.concurrent.LinkedBlockingQueue.poll(LinkedBlockingQueue.java:460)
 java.base@17/java.util.concurrent.ThreadPoolExecutor.getTask(ThreadPoolExecutor.java:1061)
 java.base@17/java.util.concurrent.ThreadPoolExecutor.runWorker(ThreadPoolExecutor.java:1122)
 java.base@17/java.util.concurrent.ThreadPoolExecutor$Worker.run(ThreadPoolExecutor.java:635)
 java.base@17/java.lang.Thread.run(Thread.java:833)
2024-04-16T10:39:59.294+02:00  WARN 46758 --- [backend] [  restartedMain] ConfigServletWebServerApplicationContext : Exception encountered during context initialization - cancelling refresh attempt: org.springframework.context.ApplicationContextException: Unable to start web server
2024-04-16T10:39:59.294+02:00  INFO 46758 --- [backend] [  restartedMain] j.LocalContainerEntityManagerFactoryBean : Closing JPA EntityManagerFactory for persistence unit 'default'
2024-04-16T10:39:59.295+02:00  INFO 46758 --- [backend] [  restartedMain] com.zaxxer.hikari.HikariDataSource       : HikariPool-6 - Shutdown initiated...
2024-04-16T10:39:59.301+02:00  INFO 46758 --- [backend] [  restartedMain] com.zaxxer.hikari.HikariDataSource       : HikariPool-6 - Shutdown completed.
2024-04-16T10:39:59.322+02:00  INFO 46758 --- [backend] [  restartedMain] .s.b.a.l.ConditionEvaluationReportLogger : 

Error starting ApplicationContext. To display the condition evaluation report re-run your application with 'debug' enabled.
2024-04-16T10:39:59.333+02:00 ERROR 46758 --- [backend] [  restartedMain] o.s.b.d.LoggingFailureAnalysisReporter   : 

***************************
APPLICATION FAILED TO START
***************************

Description:

Field userService in org.djvmil.em.backend.BackendApplication required a bean of type 'org.djvmil.em.backend.core.service.UserService' that could not be found.

The injection point has the following annotations:
	- @org.springframework.beans.factory.annotation.Autowired(required=true)


Action:

Consider defining a bean of type 'org.djvmil.em.backend.core.service.UserService' in your configuration.


  .   ____          _            __ _ _
 /\\ / ___'_ __ _ _(_)_ __  __ _ \ \ \ \
( ( )\___ | '_ | '_| | '_ \/ _` | \ \ \ \
 \\/  ___)| |_)| | | | | || (_| |  ) ) ) )
  '  |____| .__|_| |_|_| |_\__, | / / / /
 =========|_|==============|___/=/_/_/_/
 :: Spring Boot ::                (v3.2.3)

2024-04-16T10:40:00.229+02:00  INFO 47106 --- [backend] [  restartedMain] o.djvmil.em.backend.BackendApplication   : Starting BackendApplication using Java 17 with PID 47106 (/Users/moustaphas.dieme/Desktop/EntretienMentor/EntretienMentorBackend/target/classes started by moustaphas.dieme in /Users/moustaphas.dieme/Desktop/EntretienMentor/EntretienMentorBackend)
2024-04-16T10:40:00.232+02:00  INFO 47106 --- [backend] [  restartedMain] o.djvmil.em.backend.BackendApplication   : No active profile set, falling back to 1 default profile: "default"
2024-04-16T10:40:01.708+02:00  INFO 47106 --- [backend] [  restartedMain] .s.d.r.c.RepositoryConfigurationDelegate : Bootstrapping Spring Data JPA repositories in DEFAULT mode.
2024-04-16T10:40:01.897+02:00  INFO 47106 --- [backend] [  restartedMain] .s.d.r.c.RepositoryConfigurationDelegate : Finished Spring Data repository scanning in 179 ms. Found 14 JPA repository interfaces.
2024-04-16T10:40:02.893+02:00  INFO 47106 --- [backend] [  restartedMain] o.s.b.w.embedded.tomcat.TomcatWebServer  : Tomcat initialized with port 8989 (http)
2024-04-16T10:40:02.906+02:00  INFO 47106 --- [backend] [  restartedMain] o.apache.catalina.core.StandardService   : Starting service [Tomcat]
2024-04-16T10:40:02.907+02:00  INFO 47106 --- [backend] [  restartedMain] o.apache.catalina.core.StandardEngine    : Starting Servlet engine: [Apache Tomcat/10.1.19]
2024-04-16T10:40:02.963+02:00  INFO 47106 --- [backend] [  restartedMain] o.a.c.c.C.[Tomcat].[localhost].[/em]     : Initializing Spring embedded WebApplicationContext
2024-04-16T10:40:02.965+02:00  INFO 47106 --- [backend] [  restartedMain] w.s.c.ServletWebServerApplicationContext : Root WebApplicationContext: initialization completed in 2626 ms
2024-04-16T10:40:03.184+02:00  INFO 47106 --- [backend] [  restartedMain] o.hibernate.jpa.internal.util.LogHelper  : HHH000204: Processing PersistenceUnitInfo [name: default]
2024-04-16T10:40:03.240+02:00  INFO 47106 --- [backend] [  restartedMain] org.hibernate.Version                    : HHH000412: Hibernate ORM core version 6.4.4.Final
2024-04-16T10:40:03.269+02:00  INFO 47106 --- [backend] [  restartedMain] o.h.c.internal.RegionFactoryInitiator    : HHH000026: Second-level cache disabled
2024-04-16T10:40:03.616+02:00  INFO 47106 --- [backend] [  restartedMain] o.s.o.j.p.SpringPersistenceUnitInfo      : No LoadTimeWeaver setup: ignoring JPA class transformer
2024-04-16T10:40:03.642+02:00  INFO 47106 --- [backend] [  restartedMain] com.zaxxer.hikari.HikariDataSource       : HikariPool-1 - Starting...
2024-04-16T10:40:03.858+02:00  INFO 47106 --- [backend] [  restartedMain] com.zaxxer.hikari.pool.HikariPool        : HikariPool-1 - Added connection org.postgresql.jdbc.PgConnection@8fb6f6b
2024-04-16T10:40:03.862+02:00  INFO 47106 --- [backend] [  restartedMain] com.zaxxer.hikari.HikariDataSource       : HikariPool-1 - Start completed.
2024-04-16T10:40:05.148+02:00  INFO 47106 --- [backend] [  restartedMain] o.h.e.t.j.p.i.JtaPlatformInitiator       : HHH000489: No JTA platform available (set 'hibernate.transaction.jta.platform' to enable JTA platform integration)
2024-04-16T10:40:05.408+02:00  INFO 47106 --- [backend] [  restartedMain] j.LocalContainerEntityManagerFactoryBean : Initialized JPA EntityManagerFactory for persistence unit 'default'
2024-04-16T10:40:06.016+02:00 DEBUG 47106 --- [backend] [  restartedMain] o.s.b.w.s.ServletContextInitializerBeans : Mapping filters: springSecurityFilterChain urls=[/*] order=-100, characterEncodingFilter urls=[/*] order=-2147483648, formContentFilter urls=[/*] order=-9900, requestContextFilter urls=[/*] order=-105, JWTFilter urls=[/*] order=2147483647
2024-04-16T10:40:06.017+02:00 DEBUG 47106 --- [backend] [  restartedMain] o.s.b.w.s.ServletContextInitializerBeans : Mapping servlets: dispatcherServlet urls=[/]
2024-04-16T10:40:07.131+02:00 DEBUG 47106 --- [backend] [  restartedMain] s.w.s.m.m.a.RequestMappingHandlerMapping : 35 mappings in 'requestMappingHandlerMapping'
2024-04-16T10:40:07.300+02:00 DEBUG 47106 --- [backend] [  restartedMain] o.s.w.s.handler.SimpleUrlHandlerMapping  : Patterns [/webjars/**, /**, /swagger-ui*/*swagger-initializer.js, /swagger-ui*/**] in 'resourceHandlerMapping'
2024-04-16T10:40:07.414+02:00  INFO 47106 --- [backend] [  restartedMain] o.s.s.web.DefaultSecurityFilterChain     : Will secure any request with [org.springframework.security.web.session.DisableEncodeUrlFilter@34f70501, org.springframework.security.web.context.request.async.WebAsyncManagerIntegrationFilter@19f69418, org.springframework.security.web.context.SecurityContextHolderFilter@7440e71e, org.springframework.security.web.header.HeaderWriterFilter@4a14daa7, org.springframework.web.filter.CorsFilter@4d8e7e29, org.springframework.security.web.authentication.logout.LogoutFilter@505c3ca4, org.djvmil.em.backend.security.JWTFilter@473246e8, org.springframework.security.web.savedrequest.RequestCacheAwareFilter@5eb8d34e, org.springframework.security.web.servletapi.SecurityContextHolderAwareRequestFilter@4007d80f, org.springframework.security.web.authentication.AnonymousAuthenticationFilter@265b0009, org.springframework.security.web.session.SessionManagementFilter@4525a82a, org.springframework.security.web.access.ExceptionTranslationFilter@5c696f2c, org.springframework.security.web.access.intercept.AuthorizationFilter@7f55b3c]
2024-04-16T10:40:07.511+02:00 DEBUG 47106 --- [backend] [  restartedMain] s.w.s.m.m.a.RequestMappingHandlerAdapter : ControllerAdvice beans: 0 @ModelAttribute, 0 @InitBinder, 1 RequestBodyAdvice, 1 ResponseBodyAdvice
2024-04-16T10:40:07.548+02:00 DEBUG 47106 --- [backend] [  restartedMain] .m.m.a.ExceptionHandlerExceptionResolver : ControllerAdvice beans: 4 @ExceptionHandler, 1 ResponseBodyAdvice
2024-04-16T10:40:07.576+02:00 DEBUG 47106 --- [backend] [  restartedMain] .m.m.a.ExceptionHandlerExceptionResolver : ControllerAdvice beans: 4 @ExceptionHandler, 0 ResponseBodyAdvice
2024-04-16T10:40:07.902+02:00  WARN 47106 --- [backend] [  restartedMain] o.s.b.d.a.OptionalLiveReloadServer       : Unable to start LiveReload server
2024-04-16T10:40:07.936+02:00  INFO 47106 --- [backend] [  restartedMain] o.s.b.w.embedded.tomcat.TomcatWebServer  : Tomcat started on port 8989 (http) with context path '/em'
2024-04-16T10:40:07.954+02:00  INFO 47106 --- [backend] [  restartedMain] o.djvmil.em.backend.BackendApplication   : Started BackendApplication in 8.288 seconds (process running for 9.119)
[INFO] ------------------------------------------------------------------------
[INFO] BUILD SUCCESS
[INFO] ------------------------------------------------------------------------
[INFO] Total time:  09:08 min
[INFO] Finished at: 2024-04-16T10:40:11+02:00
[INFO] ------------------------------------------------------------------------
2024-04-16T10:40:14.775+02:00  INFO 47106 --- [backend] [ionShutdownHook] j.LocalContainerEntityManagerFactoryBean : Closing JPA EntityManagerFactory for persistence unit 'default'
2024-04-16T10:40:14.779+02:00  INFO 47106 --- [backend] [ionShutdownHook] com.zaxxer.hikari.HikariDataSource       : HikariPool-1 - Shutdown initiated...
2024-04-16T10:40:14.781+02:00  INFO 47106 --- [backend] [ionShutdownHook] com.zaxxer.hikari.HikariDataSource       : HikariPool-1 - Shutdown completed.
[INFO] ------------------------------------------------------------------------
[INFO] BUILD SUCCESS
[INFO] ------------------------------------------------------------------------
[INFO] Total time:  28.759 s
[INFO] Finished at: 2024-04-16T10:40:14+02:00
[INFO] ------------------------------------------------------------------------
[INFO] Scanning for projects...
[WARNING] 
[WARNING] Some problems were encountered while building the effective model for org.djvmil.em:backend:war:0.0.1-SNAPSHOT
[WARNING] The expression ${artifactId} is deprecated. Please use ${project.artifactId} instead.
[WARNING] 
[WARNING] It is highly recommended to fix these problems because they threaten the stability of your build.
[WARNING] 
[WARNING] For this reason, future Maven versions might no longer support building such malformed projects.
[WARNING] 
[INFO] 
[INFO] -----------------------< org.djvmil.em:backend >------------------------
[INFO] Building backend 0.0.1-SNAPSHOT
[INFO]   from pom.xml
[INFO] --------------------------------[ war ]---------------------------------
[INFO] 
[INFO] >>> spring-boot:3.2.3:run (default-cli) > test-compile @ backend >>>
[INFO] 
[INFO] --- resources:3.3.1:resources (default-resources) @ backend ---
[INFO] Copying 11 resources from src/main/resources to target/classes
[INFO] 
[INFO] --- compiler:3.11.0:compile (default-compile) @ backend ---
[INFO] Changes detected - recompiling the module! :source
[INFO] Compiling 92 source files with javac [debug release 17] to target/classes
[INFO] /Users/moustaphas.dieme/Desktop/EntretienMentor/EntretienMentorBackend/src/main/java/org/djvmil/em/backend/core/repository/file/AuthFileRepository.java: /Users/moustaphas.dieme/Desktop/EntretienMentor/EntretienMentorBackend/src/main/java/org/djvmil/em/backend/core/repository/file/AuthFileRepository.java uses or overrides a deprecated API.
[INFO] /Users/moustaphas.dieme/Desktop/EntretienMentor/EntretienMentorBackend/src/main/java/org/djvmil/em/backend/core/repository/file/AuthFileRepository.java: Recompile with -Xlint:deprecation for details.
[INFO] 
[INFO] --- resources:3.3.1:testResources (default-testResources) @ backend ---
[INFO] skip non existing resourceDirectory /Users/moustaphas.dieme/Desktop/EntretienMentor/EntretienMentorBackend/src/test/resources
[INFO] 
[INFO] --- compiler:3.11.0:testCompile (default-testCompile) @ backend ---
[INFO] Changes detected - recompiling the module! :dependency
[INFO] Compiling 5 source files with javac [debug release 17] to target/test-classes
[INFO] 
[INFO] <<< spring-boot:3.2.3:run (default-cli) < test-compile @ backend <<<
[INFO] 
[INFO] 
[INFO] --- spring-boot:3.2.3:run (default-cli) @ backend ---
[INFO] Attaching agents: []

  .   ____          _            __ _ _
 /\\ / ___'_ __ _ _(_)_ __  __ _ \ \ \ \
( ( )\___ | '_ | '_| | '_ \/ _` | \ \ \ \
 \\/  ___)| |_)| | | | | || (_| |  ) ) ) )
  '  |____| .__|_| |_|_| |_\__, | / / / /
 =========|_|==============|___/=/_/_/_/
 :: Spring Boot ::                (v3.2.3)

2024-04-16T10:43:40.922+02:00  INFO 47343 --- [backend] [  restartedMain] o.djvmil.em.backend.BackendApplication   : Starting BackendApplication using Java 17 with PID 47343 (/Users/moustaphas.dieme/Desktop/EntretienMentor/EntretienMentorBackend/target/classes started by moustaphas.dieme in /Users/moustaphas.dieme/Desktop/EntretienMentor/EntretienMentorBackend)
2024-04-16T10:43:40.926+02:00  INFO 47343 --- [backend] [  restartedMain] o.djvmil.em.backend.BackendApplication   : No active profile set, falling back to 1 default profile: "default"
2024-04-16T10:43:42.130+02:00  INFO 47343 --- [backend] [  restartedMain] .s.d.r.c.RepositoryConfigurationDelegate : Bootstrapping Spring Data JPA repositories in DEFAULT mode.
2024-04-16T10:43:42.210+02:00  INFO 47343 --- [backend] [  restartedMain] .s.d.r.c.RepositoryConfigurationDelegate : Finished Spring Data repository scanning in 73 ms. Found 14 JPA repository interfaces.
2024-04-16T10:43:43.064+02:00  INFO 47343 --- [backend] [  restartedMain] o.s.b.w.embedded.tomcat.TomcatWebServer  : Tomcat initialized with port 8989 (http)
2024-04-16T10:43:43.084+02:00  INFO 47343 --- [backend] [  restartedMain] o.apache.catalina.core.StandardService   : Starting service [Tomcat]
2024-04-16T10:43:43.084+02:00  INFO 47343 --- [backend] [  restartedMain] o.apache.catalina.core.StandardEngine    : Starting Servlet engine: [Apache Tomcat/10.1.19]
2024-04-16T10:43:43.179+02:00  INFO 47343 --- [backend] [  restartedMain] o.a.c.c.C.[Tomcat].[localhost].[/em]     : Initializing Spring embedded WebApplicationContext
2024-04-16T10:43:43.182+02:00  INFO 47343 --- [backend] [  restartedMain] w.s.c.ServletWebServerApplicationContext : Root WebApplicationContext: initialization completed in 2189 ms
2024-04-16T10:43:43.379+02:00  INFO 47343 --- [backend] [  restartedMain] o.hibernate.jpa.internal.util.LogHelper  : HHH000204: Processing PersistenceUnitInfo [name: default]
2024-04-16T10:43:43.421+02:00  INFO 47343 --- [backend] [  restartedMain] org.hibernate.Version                    : HHH000412: Hibernate ORM core version 6.4.4.Final
2024-04-16T10:43:43.454+02:00  INFO 47343 --- [backend] [  restartedMain] o.h.c.internal.RegionFactoryInitiator    : HHH000026: Second-level cache disabled
2024-04-16T10:43:43.742+02:00  INFO 47343 --- [backend] [  restartedMain] o.s.o.j.p.SpringPersistenceUnitInfo      : No LoadTimeWeaver setup: ignoring JPA class transformer
2024-04-16T10:43:43.763+02:00  INFO 47343 --- [backend] [  restartedMain] com.zaxxer.hikari.HikariDataSource       : HikariPool-1 - Starting...
2024-04-16T10:43:43.911+02:00  INFO 47343 --- [backend] [  restartedMain] com.zaxxer.hikari.pool.HikariPool        : HikariPool-1 - Added connection org.postgresql.jdbc.PgConnection@23492aa2
2024-04-16T10:43:43.913+02:00  INFO 47343 --- [backend] [  restartedMain] com.zaxxer.hikari.HikariDataSource       : HikariPool-1 - Start completed.
2024-04-16T10:43:45.029+02:00  INFO 47343 --- [backend] [  restartedMain] o.h.e.t.j.p.i.JtaPlatformInitiator       : HHH000489: No JTA platform available (set 'hibernate.transaction.jta.platform' to enable JTA platform integration)
2024-04-16T10:43:45.257+02:00  INFO 47343 --- [backend] [  restartedMain] j.LocalContainerEntityManagerFactoryBean : Initialized JPA EntityManagerFactory for persistence unit 'default'
2024-04-16T10:43:45.633+02:00 DEBUG 47343 --- [backend] [  restartedMain] o.s.b.w.s.ServletContextInitializerBeans : Mapping filters: springSecurityFilterChain urls=[/*] order=-100, characterEncodingFilter urls=[/*] order=-2147483648, formContentFilter urls=[/*] order=-9900, requestContextFilter urls=[/*] order=-105, JWTFilter urls=[/*] order=2147483647
2024-04-16T10:43:45.633+02:00 DEBUG 47343 --- [backend] [  restartedMain] o.s.b.w.s.ServletContextInitializerBeans : Mapping servlets: dispatcherServlet urls=[/]
2024-04-16T10:43:46.535+02:00 DEBUG 47343 --- [backend] [  restartedMain] s.w.s.m.m.a.RequestMappingHandlerMapping : 35 mappings in 'requestMappingHandlerMapping'
2024-04-16T10:43:46.679+02:00 DEBUG 47343 --- [backend] [  restartedMain] o.s.w.s.handler.SimpleUrlHandlerMapping  : Patterns [/webjars/**, /**, /swagger-ui*/*swagger-initializer.js, /swagger-ui*/**] in 'resourceHandlerMapping'
2024-04-16T10:43:46.792+02:00  INFO 47343 --- [backend] [  restartedMain] o.s.s.web.DefaultSecurityFilterChain     : Will secure any request with [org.springframework.security.web.session.DisableEncodeUrlFilter@4293ae7, org.springframework.security.web.context.request.async.WebAsyncManagerIntegrationFilter@7c01cfdb, org.springframework.security.web.context.SecurityContextHolderFilter@162cc45c, org.springframework.security.web.header.HeaderWriterFilter@43848eeb, org.springframework.web.filter.CorsFilter@360ceeda, org.springframework.security.web.authentication.logout.LogoutFilter@35eb37e, org.djvmil.em.backend.security.JWTFilter@72ef187f, org.springframework.security.web.savedrequest.RequestCacheAwareFilter@737c4d52, org.springframework.security.web.servletapi.SecurityContextHolderAwareRequestFilter@556091d8, org.springframework.security.web.authentication.AnonymousAuthenticationFilter@10ee24c0, org.springframework.security.web.session.SessionManagementFilter@5bb3bdfb, org.springframework.security.web.access.ExceptionTranslationFilter@459242cb, org.springframework.security.web.access.intercept.AuthorizationFilter@1a7c558c]
2024-04-16T10:43:46.898+02:00 DEBUG 47343 --- [backend] [  restartedMain] s.w.s.m.m.a.RequestMappingHandlerAdapter : ControllerAdvice beans: 0 @ModelAttribute, 0 @InitBinder, 1 RequestBodyAdvice, 1 ResponseBodyAdvice
2024-04-16T10:43:46.942+02:00 DEBUG 47343 --- [backend] [  restartedMain] .m.m.a.ExceptionHandlerExceptionResolver : ControllerAdvice beans: 4 @ExceptionHandler, 1 ResponseBodyAdvice
2024-04-16T10:43:46.970+02:00 DEBUG 47343 --- [backend] [  restartedMain] .m.m.a.ExceptionHandlerExceptionResolver : ControllerAdvice beans: 4 @ExceptionHandler, 0 ResponseBodyAdvice
2024-04-16T10:43:47.268+02:00  INFO 47343 --- [backend] [  restartedMain] o.s.b.d.a.OptionalLiveReloadServer       : LiveReload server is running on port 35729
2024-04-16T10:43:47.299+02:00  INFO 47343 --- [backend] [  restartedMain] o.s.b.w.embedded.tomcat.TomcatWebServer  : Tomcat started on port 8989 (http) with context path '/em'
2024-04-16T10:43:47.309+02:00  INFO 47343 --- [backend] [  restartedMain] o.djvmil.em.backend.BackendApplication   : Started BackendApplication in 6.754 seconds (process running for 7.214)
2024-04-16T10:44:02.246+02:00  INFO 47343 --- [backend] [nio-8989-exec-1] o.a.c.c.C.[Tomcat].[localhost].[/em]     : Initializing Spring DispatcherServlet 'dispatcherServlet'
2024-04-16T10:44:02.247+02:00  INFO 47343 --- [backend] [nio-8989-exec-1] o.s.web.servlet.DispatcherServlet        : Initializing Servlet 'dispatcherServlet'
2024-04-16T10:44:02.247+02:00 DEBUG 47343 --- [backend] [nio-8989-exec-1] o.s.web.servlet.DispatcherServlet        : Detected StandardServletMultipartResolver
2024-04-16T10:44:02.247+02:00 DEBUG 47343 --- [backend] [nio-8989-exec-1] o.s.web.servlet.DispatcherServlet        : Detected FixedLocaleResolver
2024-04-16T10:44:02.247+02:00 DEBUG 47343 --- [backend] [nio-8989-exec-1] o.s.web.servlet.DispatcherServlet        : Detected FixedThemeResolver
2024-04-16T10:44:02.248+02:00 DEBUG 47343 --- [backend] [nio-8989-exec-1] o.s.web.servlet.DispatcherServlet        : Detected org.springframework.web.servlet.view.DefaultRequestToViewNameTranslator@71f06d97
2024-04-16T10:44:02.249+02:00 DEBUG 47343 --- [backend] [nio-8989-exec-1] o.s.web.servlet.DispatcherServlet        : Detected org.springframework.web.servlet.support.SessionFlashMapManager@6f8a8bdc
2024-04-16T10:44:02.250+02:00 DEBUG 47343 --- [backend] [nio-8989-exec-1] o.s.web.servlet.DispatcherServlet        : enableLoggingRequestDetails='false': request parameters and headers will be masked to prevent unsafe logging of potentially sensitive data
2024-04-16T10:44:02.250+02:00  INFO 47343 --- [backend] [nio-8989-exec-1] o.s.web.servlet.DispatcherServlet        : Completed initialization in 3 ms
2024-04-16T10:44:02.281+02:00 DEBUG 47343 --- [backend] [nio-8989-exec-1] o.s.security.web.FilterChainProxy        : Securing POST /api/login
2024-04-16T10:44:02.298+02:00 DEBUG 47343 --- [backend] [nio-8989-exec-1] o.s.s.w.a.AnonymousAuthenticationFilter  : Set SecurityContextHolder to anonymous SecurityContext
2024-04-16T10:44:02.300+02:00 DEBUG 47343 --- [backend] [nio-8989-exec-1] o.s.security.web.FilterChainProxy        : Secured POST /api/login
2024-04-16T10:44:02.305+02:00 DEBUG 47343 --- [backend] [nio-8989-exec-1] o.s.web.servlet.DispatcherServlet        : POST "/em/api/login", parameters={}
2024-04-16T10:44:02.309+02:00 DEBUG 47343 --- [backend] [nio-8989-exec-1] s.w.s.m.m.a.RequestMappingHandlerMapping : Mapped to org.djvmil.em.backend.api.AuthRessource#loginHandler(AuthRequest)
2024-04-16T10:44:02.597+02:00 DEBUG 47343 --- [backend] [nio-8989-exec-1] m.m.a.RequestResponseBodyMethodProcessor : Read "application/json;charset=UTF-8" to [AuthRequest(firstname=null, lastname=null, roles=null, genre=null, country=null, phoneNumber=null, e (truncated)...]
Hibernate: 
    select
        u1_0.userid,
        u1_0.birthdate,
        u1_0.country,
        u1_0.date_created,
        u1_0.date_updated,
        u1_0.email,
        u1_0.enabled,
        u1_0.firstname,
        u1_0.genre,
        u1_0.is_email_verified,
        u1_0.is_phone_numbe_verified,
        u1_0.lastname,
        u1_0.password,
        u1_0.phone_number,
        u1_0.username 
    from
        users u1_0 
    where
        u1_0.email=?
Hibernate: 
    select
        r1_0.user_id,
        r1_1.roleid,
        r1_1.date_created,
        r1_1.date_updated,
        r1_1.role 
    from
        user_role r1_0 
    join
        roles r1_1 
            on r1_1.roleid=r1_0.role_id 
    where
        r1_0.user_id=?
2024-04-16T10:44:03.309+02:00 DEBUG 47343 --- [backend] [nio-8989-exec-1] o.s.s.a.dao.DaoAuthenticationProvider    : Authenticated user
Hibernate: 
    select
        u1_0.userid,
        u1_0.birthdate,
        u1_0.country,
        u1_0.date_created,
        u1_0.date_updated,
        u1_0.email,
        u1_0.enabled,
        u1_0.firstname,
        u1_0.genre,
        u1_0.is_email_verified,
        u1_0.is_phone_numbe_verified,
        u1_0.lastname,
        u1_0.password,
        u1_0.phone_number,
        u1_0.username 
    from
        users u1_0 
    where
        u1_0.email=?
Hibernate: 
    select
        r1_0.user_id,
        r1_1.roleid,
        r1_1.date_created,
        r1_1.date_updated,
        r1_1.role 
    from
        user_role r1_0 
    join
        roles r1_1 
            on r1_1.roleid=r1_0.role_id 
    where
        r1_0.user_id=?
2024-04-16T10:44:03.553+02:00 DEBUG 47343 --- [backend] [nio-8989-exec-1] m.m.a.RequestResponseBodyMethodProcessor : Using 'application/json', given [application/json] and supported [application/json, application/*+json]
2024-04-16T10:44:03.558+02:00 DEBUG 47343 --- [backend] [nio-8989-exec-1] m.m.a.RequestResponseBodyMethodProcessor : Writing [AuthResponse(accesToken=eyJhbGciOiJIUzI1NiIsInR5cCI6IkpXVCJ9.eyJzdWIiOiJVc2VyIERldGFpbHMiLCJlbWFpbCI (truncated)...]
2024-04-16T10:44:03.616+02:00 DEBUG 47343 --- [backend] [nio-8989-exec-1] o.s.web.servlet.DispatcherServlet        : Completed 200 OK
